<?xml version="1.0" encoding="UTF-8"?>
<testsuite name="checkers.PlayerAnswerValidationTestSuite" tests="2" skipped="0" failures="0" errors="0" timestamp="2019-03-18T20:13:03" hostname="SZADE-LENOVO" time="0.001">
  <properties/>
  <testcase name="testIsChosenColourValidFalse" classname="checkers.PlayerAnswerValidationTestSuite" time="0.0"/>
  <testcase name="testIsChosenColourValid" classname="checkers.PlayerAnswerValidationTestSuite" time="0.001"/>
  <system-out><![CDATA[]]></system-out>
  <system-err><![CDATA[]]></system-err>
</testsuite>
