<?xml version="1.0" encoding="UTF-8"?>
<testsuite name="board.PositionTestSuite" tests="5" skipped="0" failures="0" errors="0" timestamp="2019-03-18T20:13:03" hostname="SZADE-LENOVO" time="0.002">
  <properties/>
  <testcase name="testGetPosition" classname="board.PositionTestSuite" time="0.0"/>
  <testcase name="testGetPositionShouldThrowException" classname="board.PositionTestSuite" time="0.001"/>
  <testcase name="testThrowErrorColumn" classname="board.PositionTestSuite" time="0.0"/>
  <testcase name="testThrowErrorRow" classname="board.PositionTestSuite" time="0.0"/>
  <testcase name="testGetColumn" classname="board.PositionTestSuite" time="0.0"/>
  <system-out><![CDATA[]]></system-out>
  <system-err><![CDATA[]]></system-err>
</testsuite>
